{"D:\\learning\\unit-tests\\common-functions.js": {"path":"D:\\learning\\unit-tests\\common-functions.js","statementMap":{"0":{"start":{"line":1,"column":28},"end":{"line":1,"column":55}},"1":{"start":{"line":9,"column":19},"end":{"line":9,"column":31}},"2":{"start":{"line":10,"column":4},"end":{"line":10,"column":28}},"3":{"start":{"line":14,"column":27},"end":{"line":14,"column":29}},"4":{"start":{"line":16,"column":4},"end":{"line":24,"column":5}},"5":{"start":{"line":17,"column":8},"end":{"line":19,"column":9}},"6":{"start":{"line":17,"column":21},"end":{"line":17,"column":26}},"7":{"start":{"line":18,"column":12},"end":{"line":18,"column":56}},"8":{"start":{"line":21,"column":8},"end":{"line":23,"column":9}},"9":{"start":{"line":21,"column":21},"end":{"line":21,"column":46}},"10":{"start":{"line":22,"column":12},"end":{"line":22,"column":56}},"11":{"start":{"line":26,"column":4},"end":{"line":26,"column":28}},"12":{"start":{"line":30,"column":25},"end":{"line":30,"column":27}},"13":{"start":{"line":31,"column":4},"end":{"line":33,"column":5}},"14":{"start":{"line":32,"column":8},"end":{"line":32,"column":46}},"15":{"start":{"line":34,"column":4},"end":{"line":34,"column":24}},"16":{"start":{"line":38,"column":4},"end":{"line":50,"column":5}},"17":{"start":{"line":38,"column":17},"end":{"line":38,"column":18}},"18":{"start":{"line":39,"column":25},"end":{"line":39,"column":33}},"19":{"start":{"line":41,"column":8},"end":{"line":49,"column":9}},"20":{"start":{"line":42,"column":12},"end":{"line":44,"column":13}},"21":{"start":{"line":42,"column":25},"end":{"line":42,"column":26}},"22":{"start":{"line":43,"column":16},"end":{"line":43,"column":44}},"23":{"start":{"line":45,"column":15},"end":{"line":49,"column":9}},"24":{"start":{"line":46,"column":12},"end":{"line":46,"column":37}},"25":{"start":{"line":48,"column":12},"end":{"line":48,"column":94}},"26":{"start":{"line":53,"column":0},"end":{"line":58,"column":1}}},"fnMap":{"0":{"name":"addElement","decl":{"start":{"line":8,"column":9},"end":{"line":8,"column":19}},"loc":{"start":{"line":8,"column":36},"end":{"line":11,"column":1}},"line":8},"1":{"name":"sliceCollection","decl":{"start":{"line":13,"column":9},"end":{"line":13,"column":24}},"loc":{"start":{"line":13,"column":48},"end":{"line":27,"column":1}},"line":13},"2":{"name":"createObjectValuesArray","decl":{"start":{"line":29,"column":9},"end":{"line":29,"column":32}},"loc":{"start":{"line":29,"column":41},"end":{"line":35,"column":1}},"line":29},"3":{"name":"modifyObjectProperties","decl":{"start":{"line":37,"column":9},"end":{"line":37,"column":31}},"loc":{"start":{"line":37,"column":55},"end":{"line":51,"column":1}},"line":37}},"branchMap":{"0":{"loc":{"start":{"line":13,"column":37},"end":{"line":13,"column":46}},"type":"default-arg","locations":[{"start":{"line":13,"column":45},"end":{"line":13,"column":46}}],"line":13},"1":{"loc":{"start":{"line":16,"column":4},"end":{"line":24,"column":5}},"type":"if","locations":[{"start":{"line":16,"column":4},"end":{"line":24,"column":5}},{"start":{"line":20,"column":11},"end":{"line":24,"column":5}}],"line":16},"2":{"loc":{"start":{"line":41,"column":8},"end":{"line":49,"column":9}},"type":"if","locations":[{"start":{"line":41,"column":8},"end":{"line":49,"column":9}},{"start":{"line":45,"column":15},"end":{"line":49,"column":9}}],"line":41},"3":{"loc":{"start":{"line":45,"column":15},"end":{"line":49,"column":9}},"type":"if","locations":[{"start":{"line":45,"column":15},"end":{"line":49,"column":9}},{"start":{"line":47,"column":15},"end":{"line":49,"column":9}}],"line":45}},"s":{"0":15,"1":227,"2":227,"3":33,"4":33,"5":32,"6":32,"7":80,"8":1,"9":1,"10":2,"11":33,"12":5,"13":5,"14":17,"15":5,"16":10,"17":10,"18":13,"19":13,"20":6,"21":6,"22":16,"23":7,"24":5,"25":2,"26":15},"f":{"0":227,"1":33,"2":5,"3":10},"b":{"0":[6],"1":[32,1],"2":[6,7],"3":[5,2]},"_coverageSchema":"1a1c01bbd47fc00a2c39e90264f33305004495a9","hash":"02f950d50e8bf543a2b63eb6d790bdb389526d0e"}
,"D:\\learning\\unit-tests\\error-checks.js": {"path":"D:\\learning\\unit-tests\\error-checks.js","statementMap":{"0":{"start":{"line":1,"column":19},"end":{"line":1,"column":46}},"1":{"start":{"line":4,"column":4},"end":{"line":6,"column":5}},"2":{"start":{"line":5,"column":8},"end":{"line":5,"column":62}},"3":{"start":{"line":10,"column":4},"end":{"line":12,"column":5}},"4":{"start":{"line":11,"column":8},"end":{"line":11,"column":72}},"5":{"start":{"line":16,"column":4},"end":{"line":18,"column":5}},"6":{"start":{"line":17,"column":8},"end":{"line":17,"column":68}},"7":{"start":{"line":22,"column":4},"end":{"line":24,"column":5}},"8":{"start":{"line":23,"column":8},"end":{"line":23,"column":69}},"9":{"start":{"line":28,"column":20},"end":{"line":28,"column":76}},"10":{"start":{"line":29,"column":4},"end":{"line":31,"column":5}},"11":{"start":{"line":30,"column":8},"end":{"line":30,"column":66}},"12":{"start":{"line":35,"column":4},"end":{"line":37,"column":5}},"13":{"start":{"line":36,"column":8},"end":{"line":36,"column":66}},"14":{"start":{"line":41,"column":4},"end":{"line":43,"column":5}},"15":{"start":{"line":42,"column":8},"end":{"line":42,"column":77}},"16":{"start":{"line":46,"column":0},"end":{"line":54,"column":1}}},"fnMap":{"0":{"name":"checkFunctionReturn","decl":{"start":{"line":3,"column":9},"end":{"line":3,"column":28}},"loc":{"start":{"line":3,"column":45},"end":{"line":7,"column":1}},"line":3},"1":{"name":"isNotObject","decl":{"start":{"line":9,"column":9},"end":{"line":9,"column":20}},"loc":{"start":{"line":9,"column":28},"end":{"line":13,"column":1}},"line":9},"2":{"name":"isNotFunction","decl":{"start":{"line":15,"column":9},"end":{"line":15,"column":22}},"loc":{"start":{"line":15,"column":30},"end":{"line":19,"column":1}},"line":15},"3":{"name":"returnsBoolean","decl":{"start":{"line":21,"column":9},"end":{"line":21,"column":23}},"loc":{"start":{"line":21,"column":40},"end":{"line":25,"column":1}},"line":21},"4":{"name":"isNotArray","decl":{"start":{"line":27,"column":9},"end":{"line":27,"column":19}},"loc":{"start":{"line":27,"column":27},"end":{"line":32,"column":1}},"line":27},"5":{"name":"isNotNumber","decl":{"start":{"line":34,"column":9},"end":{"line":34,"column":20}},"loc":{"start":{"line":34,"column":28},"end":{"line":38,"column":1}},"line":34},"6":{"name":"isNegativeNumber","decl":{"start":{"line":40,"column":9},"end":{"line":40,"column":25}},"loc":{"start":{"line":40,"column":33},"end":{"line":44,"column":1}},"line":40}},"branchMap":{"0":{"loc":{"start":{"line":4,"column":4},"end":{"line":6,"column":5}},"type":"if","locations":[{"start":{"line":4,"column":4},"end":{"line":6,"column":5}},{"start":{},"end":{}}],"line":4},"1":{"loc":{"start":{"line":4,"column":8},"end":{"line":4,"column":62}},"type":"binary-expr","locations":[{"start":{"line":4,"column":8},"end":{"line":4,"column":30}},{"start":{"line":4,"column":34},"end":{"line":4,"column":62}}],"line":4},"2":{"loc":{"start":{"line":10,"column":4},"end":{"line":12,"column":5}},"type":"if","locations":[{"start":{"line":10,"column":4},"end":{"line":12,"column":5}},{"start":{},"end":{}}],"line":10},"3":{"loc":{"start":{"line":16,"column":4},"end":{"line":18,"column":5}},"type":"if","locations":[{"start":{"line":16,"column":4},"end":{"line":18,"column":5}},{"start":{},"end":{}}],"line":16},"4":{"loc":{"start":{"line":22,"column":4},"end":{"line":24,"column":5}},"type":"if","locations":[{"start":{"line":22,"column":4},"end":{"line":24,"column":5}},{"start":{},"end":{}}],"line":22},"5":{"loc":{"start":{"line":28,"column":20},"end":{"line":28,"column":76}},"type":"binary-expr","locations":[{"start":{"line":28,"column":20},"end":{"line":28,"column":45}},{"start":{"line":28,"column":49},"end":{"line":28,"column":76}}],"line":28},"6":{"loc":{"start":{"line":29,"column":4},"end":{"line":31,"column":5}},"type":"if","locations":[{"start":{"line":29,"column":4},"end":{"line":31,"column":5}},{"start":{},"end":{}}],"line":29},"7":{"loc":{"start":{"line":35,"column":4},"end":{"line":37,"column":5}},"type":"if","locations":[{"start":{"line":35,"column":4},"end":{"line":37,"column":5}},{"start":{},"end":{}}],"line":35},"8":{"loc":{"start":{"line":35,"column":8},"end":{"line":35,"column":56}},"type":"binary-expr","locations":[{"start":{"line":35,"column":8},"end":{"line":35,"column":33}},{"start":{"line":35,"column":37},"end":{"line":35,"column":56}}],"line":35},"9":{"loc":{"start":{"line":41,"column":4},"end":{"line":43,"column":5}},"type":"if","locations":[{"start":{"line":41,"column":4},"end":{"line":43,"column":5}},{"start":{},"end":{}}],"line":41}},"s":{"0":15,"1":60,"2":4,"3":44,"4":6,"5":32,"6":5,"7":40,"8":5,"9":49,"10":49,"11":7,"12":20,"13":4,"14":10,"15":2,"16":15},"f":{"0":60,"1":44,"2":32,"3":40,"4":49,"5":20,"6":10},"b":{"0":[4,56],"1":[60,60],"2":[6,38],"3":[5,27],"4":[5,35],"5":[49,44],"6":[7,42],"7":[4,16],"8":[20,17],"9":[2,8]},"_coverageSchema":"1a1c01bbd47fc00a2c39e90264f33305004495a9","hash":"2e51e7f76183660e71cc3a2b87cb30b24bd142ec"}
,"D:\\learning\\unit-tests\\types-checking.js": {"path":"D:\\learning\\unit-tests\\types-checking.js","statementMap":{"0":{"start":{"line":2,"column":4},"end":{"line":4,"column":5}},"1":{"start":{"line":3,"column":8},"end":{"line":3,"column":20}},"2":{"start":{"line":8,"column":4},"end":{"line":10,"column":5}},"3":{"start":{"line":9,"column":8},"end":{"line":9,"column":19}},"4":{"start":{"line":14,"column":4},"end":{"line":16,"column":5}},"5":{"start":{"line":15,"column":8},"end":{"line":15,"column":20}},"6":{"start":{"line":20,"column":4},"end":{"line":22,"column":5}},"7":{"start":{"line":21,"column":8},"end":{"line":21,"column":20}},"8":{"start":{"line":25,"column":0},"end":{"line":30,"column":1}}},"fnMap":{"0":{"name":"isObject","decl":{"start":{"line":1,"column":9},"end":{"line":1,"column":17}},"loc":{"start":{"line":1,"column":25},"end":{"line":5,"column":1}},"line":1},"1":{"name":"isArray","decl":{"start":{"line":7,"column":9},"end":{"line":7,"column":16}},"loc":{"start":{"line":7,"column":24},"end":{"line":11,"column":1}},"line":7},"2":{"name":"isString","decl":{"start":{"line":13,"column":9},"end":{"line":13,"column":17}},"loc":{"start":{"line":13,"column":25},"end":{"line":17,"column":1}},"line":13},"3":{"name":"isNaNCheck","decl":{"start":{"line":19,"column":9},"end":{"line":19,"column":19}},"loc":{"start":{"line":19,"column":45},"end":{"line":23,"column":1}},"line":19}},"branchMap":{"0":{"loc":{"start":{"line":2,"column":4},"end":{"line":4,"column":5}},"type":"if","locations":[{"start":{"line":2,"column":4},"end":{"line":4,"column":5}},{"start":{},"end":{}}],"line":2},"1":{"loc":{"start":{"line":2,"column":8},"end":{"line":2,"column":65}},"type":"binary-expr","locations":[{"start":{"line":2,"column":8},"end":{"line":2,"column":33}},{"start":{"line":2,"column":37},"end":{"line":2,"column":65}}],"line":2},"2":{"loc":{"start":{"line":8,"column":4},"end":{"line":10,"column":5}},"type":"if","locations":[{"start":{"line":8,"column":4},"end":{"line":10,"column":5}},{"start":{},"end":{}}],"line":8},"3":{"loc":{"start":{"line":8,"column":8},"end":{"line":8,"column":64}},"type":"binary-expr","locations":[{"start":{"line":8,"column":8},"end":{"line":8,"column":33}},{"start":{"line":8,"column":37},"end":{"line":8,"column":64}}],"line":8},"4":{"loc":{"start":{"line":14,"column":4},"end":{"line":16,"column":5}},"type":"if","locations":[{"start":{"line":14,"column":4},"end":{"line":16,"column":5}},{"start":{},"end":{}}],"line":14},"5":{"loc":{"start":{"line":20,"column":4},"end":{"line":22,"column":5}},"type":"if","locations":[{"start":{"line":20,"column":4},"end":{"line":22,"column":5}},{"start":{},"end":{}}],"line":20},"6":{"loc":{"start":{"line":20,"column":8},"end":{"line":20,"column":61}},"type":"binary-expr","locations":[{"start":{"line":20,"column":8},"end":{"line":20,"column":32}},{"start":{"line":20,"column":36},"end":{"line":20,"column":61}}],"line":20}},"s":{"0":138,"1":53,"2":124,"3":90,"4":55,"5":11,"6":30,"7":1,"8":17},"f":{"0":138,"1":124,"2":55,"3":30},"b":{"0":[53,85],"1":[138,111],"2":[90,34],"3":[124,95],"4":[11,44],"5":[1,29],"6":[30,1]},"_coverageSchema":"1a1c01bbd47fc00a2c39e90264f33305004495a9","hash":"bde99c276de3ba0bf7b10eb39c03d6e5f222b3de"}
,"D:\\learning\\unit-tests\\arrays\\tasks\\chunk.js": {"path":"D:\\learning\\unit-tests\\arrays\\tasks\\chunk.js","statementMap":{"0":{"start":{"line":1,"column":21},"end":{"line":1,"column":54}},"1":{"start":{"line":2,"column":34},"end":{"line":2,"column":63}},"2":{"start":{"line":5,"column":4},"end":{"line":5,"column":29}},"3":{"start":{"line":6,"column":4},"end":{"line":6,"column":22}},"4":{"start":{"line":8,"column":4},"end":{"line":10,"column":5}},"5":{"start":{"line":9,"column":8},"end":{"line":9,"column":66}},"6":{"start":{"line":11,"column":4},"end":{"line":13,"column":5}},"7":{"start":{"line":12,"column":8},"end":{"line":12,"column":60}},"8":{"start":{"line":14,"column":4},"end":{"line":16,"column":5}},"9":{"start":{"line":15,"column":8},"end":{"line":15,"column":88}},"10":{"start":{"line":18,"column":23},"end":{"line":18,"column":25}},"11":{"start":{"line":19,"column":16},"end":{"line":19,"column":20}},"12":{"start":{"line":21,"column":4},"end":{"line":30,"column":5}},"13":{"start":{"line":21,"column":17},"end":{"line":21,"column":18}},"14":{"start":{"line":22,"column":25},"end":{"line":22,"column":27}},"15":{"start":{"line":24,"column":8},"end":{"line":26,"column":9}},"16":{"start":{"line":24,"column":21},"end":{"line":24,"column":22}},"17":{"start":{"line":25,"column":12},"end":{"line":25,"column":52}},"18":{"start":{"line":28,"column":8},"end":{"line":28,"column":43}},"19":{"start":{"line":29,"column":8},"end":{"line":29,"column":22}},"20":{"start":{"line":31,"column":4},"end":{"line":31,"column":22}},"21":{"start":{"line":34,"column":0},"end":{"line":34,"column":23}}},"fnMap":{"0":{"name":"chunk","decl":{"start":{"line":4,"column":9},"end":{"line":4,"column":14}},"loc":{"start":{"line":4,"column":35},"end":{"line":32,"column":1}},"line":4}},"branchMap":{"0":{"loc":{"start":{"line":8,"column":4},"end":{"line":10,"column":5}},"type":"if","locations":[{"start":{"line":8,"column":4},"end":{"line":10,"column":5}},{"start":{},"end":{}}],"line":8},"1":{"loc":{"start":{"line":11,"column":4},"end":{"line":13,"column":5}},"type":"if","locations":[{"start":{"line":11,"column":4},"end":{"line":13,"column":5}},{"start":{},"end":{}}],"line":11},"2":{"loc":{"start":{"line":14,"column":4},"end":{"line":16,"column":5}},"type":"if","locations":[{"start":{"line":14,"column":4},"end":{"line":16,"column":5}},{"start":{},"end":{}}],"line":14}},"s":{"0":1,"1":1,"2":8,"3":7,"4":6,"5":1,"6":5,"7":2,"8":3,"9":1,"10":2,"11":2,"12":2,"13":2,"14":5,"15":5,"16":5,"17":12,"18":5,"19":5,"20":2,"21":1},"f":{"0":8},"b":{"0":[1,5],"1":[2,3],"2":[1,2]},"_coverageSchema":"1a1c01bbd47fc00a2c39e90264f33305004495a9","hash":"2373d232ddb0b4065a528e9d6507e9a6d02334f1"}
,"D:\\learning\\unit-tests\\arrays\\tasks\\compact.js": {"path":"D:\\learning\\unit-tests\\arrays\\tasks\\compact.js","statementMap":{"0":{"start":{"line":1,"column":21},"end":{"line":1,"column":54}},"1":{"start":{"line":2,"column":21},"end":{"line":2,"column":50}},"2":{"start":{"line":5,"column":4},"end":{"line":5,"column":29}},"3":{"start":{"line":7,"column":25},"end":{"line":7,"column":27}},"4":{"start":{"line":10,"column":8},"end":{"line":10,"column":126}},"5":{"start":{"line":13,"column":4},"end":{"line":17,"column":5}},"6":{"start":{"line":13,"column":17},"end":{"line":13,"column":18}},"7":{"start":{"line":14,"column":8},"end":{"line":16,"column":9}},"8":{"start":{"line":15,"column":12},"end":{"line":15,"column":54}},"9":{"start":{"line":18,"column":4},"end":{"line":18,"column":24}},"10":{"start":{"line":21,"column":0},"end":{"line":21,"column":35}}},"fnMap":{"0":{"name":"removeFalsyValues","decl":{"start":{"line":4,"column":9},"end":{"line":4,"column":26}},"loc":{"start":{"line":4,"column":41},"end":{"line":19,"column":1}},"line":4},"1":{"name":"isFalsy","decl":{"start":{"line":9,"column":13},"end":{"line":9,"column":20}},"loc":{"start":{"line":9,"column":28},"end":{"line":11,"column":5}},"line":9}},"branchMap":{"0":{"loc":{"start":{"line":10,"column":15},"end":{"line":10,"column":125}},"type":"binary-expr","locations":[{"start":{"line":10,"column":15},"end":{"line":10,"column":30}},{"start":{"line":10,"column":34},"end":{"line":10,"column":45}},{"start":{"line":10,"column":49},"end":{"line":10,"column":61}},{"start":{"line":10,"column":65},"end":{"line":10,"column":84}},{"start":{"line":10,"column":88},"end":{"line":10,"column":107}},{"start":{"line":10,"column":111},"end":{"line":10,"column":125}}],"line":10},"1":{"loc":{"start":{"line":14,"column":8},"end":{"line":16,"column":9}},"type":"if","locations":[{"start":{"line":14,"column":8},"end":{"line":16,"column":9}},{"start":{},"end":{}}],"line":14}},"s":{"0":1,"1":1,"2":4,"3":3,"4":15,"5":3,"6":3,"7":15,"8":7,"9":3,"10":1},"f":{"0":4,"1":15},"b":{"0":[15,13,11,10,9,8],"1":[7,8]},"_coverageSchema":"1a1c01bbd47fc00a2c39e90264f33305004495a9","hash":"b4c521514c735a6ec7594da1e71c8e6bb5e59ca4"}
,"D:\\learning\\unit-tests\\arrays\\tasks\\concat.js": {"path":"D:\\learning\\unit-tests\\arrays\\tasks\\concat.js","statementMap":{"0":{"start":{"line":1,"column":21},"end":{"line":1,"column":54}},"1":{"start":{"line":2,"column":21},"end":{"line":2,"column":50}},"2":{"start":{"line":5,"column":4},"end":{"line":5,"column":29}},"3":{"start":{"line":7,"column":24},"end":{"line":7,"column":26}},"4":{"start":{"line":9,"column":4},"end":{"line":11,"column":5}},"5":{"start":{"line":9,"column":17},"end":{"line":9,"column":18}},"6":{"start":{"line":10,"column":8},"end":{"line":10,"column":49}},"7":{"start":{"line":12,"column":4},"end":{"line":20,"column":5}},"8":{"start":{"line":12,"column":17},"end":{"line":12,"column":18}},"9":{"start":{"line":13,"column":8},"end":{"line":19,"column":9}},"10":{"start":{"line":14,"column":12},"end":{"line":16,"column":13}},"11":{"start":{"line":14,"column":25},"end":{"line":14,"column":26}},"12":{"start":{"line":15,"column":16},"end":{"line":15,"column":52}},"13":{"start":{"line":18,"column":12},"end":{"line":18,"column":45}},"14":{"start":{"line":21,"column":4},"end":{"line":21,"column":23}},"15":{"start":{"line":24,"column":0},"end":{"line":24,"column":24}}},"fnMap":{"0":{"name":"concat","decl":{"start":{"line":4,"column":9},"end":{"line":4,"column":15}},"loc":{"start":{"line":4,"column":39},"end":{"line":22,"column":1}},"line":4}},"branchMap":{"0":{"loc":{"start":{"line":13,"column":8},"end":{"line":19,"column":9}},"type":"if","locations":[{"start":{"line":13,"column":8},"end":{"line":19,"column":9}},{"start":{"line":17,"column":15},"end":{"line":19,"column":9}}],"line":13},"1":{"loc":{"start":{"line":13,"column":12},"end":{"line":13,"column":69}},"type":"binary-expr","locations":[{"start":{"line":13,"column":12},"end":{"line":13,"column":39}},{"start":{"line":13,"column":43},"end":{"line":13,"column":69}}],"line":13}},"s":{"0":1,"1":1,"2":6,"3":5,"4":5,"5":5,"6":9,"7":5,"8":5,"9":11,"10":4,"11":4,"12":7,"13":7,"14":5,"15":1},"f":{"0":6},"b":{"0":[4,7],"1":[11,4]},"_coverageSchema":"1a1c01bbd47fc00a2c39e90264f33305004495a9","hash":"bb7208be9a28ad9a2ce50e067303a6381d3f0df9"}
,"D:\\learning\\unit-tests\\arrays\\tasks\\drop.js": {"path":"D:\\learning\\unit-tests\\arrays\\tasks\\drop.js","statementMap":{"0":{"start":{"line":1,"column":21},"end":{"line":1,"column":54}},"1":{"start":{"line":2,"column":52},"end":{"line":2,"column":81}},"2":{"start":{"line":5,"column":4},"end":{"line":5,"column":29}},"3":{"start":{"line":6,"column":4},"end":{"line":6,"column":24}},"4":{"start":{"line":7,"column":4},"end":{"line":7,"column":29}},"5":{"start":{"line":9,"column":21},"end":{"line":9,"column":23}},"6":{"start":{"line":11,"column":4},"end":{"line":13,"column":5}},"7":{"start":{"line":12,"column":8},"end":{"line":12,"column":24}},"8":{"start":{"line":15,"column":4},"end":{"line":17,"column":5}},"9":{"start":{"line":15,"column":17},"end":{"line":15,"column":23}},"10":{"start":{"line":16,"column":8},"end":{"line":16,"column":46}},"11":{"start":{"line":18,"column":4},"end":{"line":18,"column":20}},"12":{"start":{"line":21,"column":0},"end":{"line":21,"column":30}}},"fnMap":{"0":{"name":"dropElements","decl":{"start":{"line":4,"column":9},"end":{"line":4,"column":21}},"loc":{"start":{"line":4,"column":48},"end":{"line":19,"column":1}},"line":4}},"branchMap":{"0":{"loc":{"start":{"line":4,"column":36},"end":{"line":4,"column":46}},"type":"default-arg","locations":[{"start":{"line":4,"column":45},"end":{"line":4,"column":46}}],"line":4},"1":{"loc":{"start":{"line":11,"column":4},"end":{"line":13,"column":5}},"type":"if","locations":[{"start":{"line":11,"column":4},"end":{"line":13,"column":5}},{"start":{},"end":{}}],"line":11}},"s":{"0":1,"1":1,"2":7,"3":6,"4":5,"5":4,"6":4,"7":2,"8":2,"9":2,"10":4,"11":2,"12":1},"f":{"0":7},"b":{"0":[1],"1":[2,2]},"_coverageSchema":"1a1c01bbd47fc00a2c39e90264f33305004495a9","hash":"5647db3ffab99e5c43f4680319cf4330a8540359"}
,"D:\\learning\\unit-tests\\arrays\\tasks\\dropWhile.js": {"path":"D:\\learning\\unit-tests\\arrays\\tasks\\dropWhile.js","statementMap":{"0":{"start":{"line":1,"column":21},"end":{"line":1,"column":54}},"1":{"start":{"line":2,"column":73},"end":{"line":2,"column":102}},"2":{"start":{"line":5,"column":4},"end":{"line":5,"column":29}},"3":{"start":{"line":6,"column":4},"end":{"line":6,"column":29}},"4":{"start":{"line":7,"column":4},"end":{"line":10,"column":5}},"5":{"start":{"line":7,"column":17},"end":{"line":7,"column":18}},"6":{"start":{"line":8,"column":8},"end":{"line":8,"column":56}},"7":{"start":{"line":9,"column":8},"end":{"line":9,"column":51}},"8":{"start":{"line":12,"column":21},"end":{"line":12,"column":23}},"9":{"start":{"line":13,"column":16},"end":{"line":13,"column":17}},"10":{"start":{"line":15,"column":4},"end":{"line":17,"column":5}},"11":{"start":{"line":16,"column":8},"end":{"line":16,"column":16}},"12":{"start":{"line":19,"column":4},"end":{"line":21,"column":5}},"13":{"start":{"line":19,"column":17},"end":{"line":19,"column":22}},"14":{"start":{"line":20,"column":8},"end":{"line":20,"column":46}},"15":{"start":{"line":23,"column":4},"end":{"line":23,"column":20}},"16":{"start":{"line":26,"column":0},"end":{"line":26,"column":27}}},"fnMap":{"0":{"name":"dropWhile","decl":{"start":{"line":4,"column":9},"end":{"line":4,"column":18}},"loc":{"start":{"line":4,"column":44},"end":{"line":24,"column":1}},"line":4}},"branchMap":{"0":{"loc":{"start":{"line":15,"column":11},"end":{"line":15,"column":72}},"type":"binary-expr","locations":[{"start":{"line":15,"column":11},"end":{"line":15,"column":41}},{"start":{"line":15,"column":45},"end":{"line":15,"column":72}}],"line":15}},"s":{"0":1,"1":1,"2":7,"3":6,"4":5,"5":5,"6":13,"7":12,"8":3,"9":3,"10":3,"11":6,"12":3,"13":3,"14":5,"15":3,"16":1},"f":{"0":7},"b":{"0":[9,6]},"_coverageSchema":"1a1c01bbd47fc00a2c39e90264f33305004495a9","hash":"14e2a9fd09d350e0cecb05a8c11004cee552cc10"}
,"D:\\learning\\unit-tests\\arrays\\tasks\\filter.js": {"path":"D:\\learning\\unit-tests\\arrays\\tasks\\filter.js","statementMap":{"0":{"start":{"line":1,"column":46},"end":{"line":1,"column":79}},"1":{"start":{"line":2,"column":28},"end":{"line":2,"column":59}},"2":{"start":{"line":3,"column":61},"end":{"line":3,"column":90}},"3":{"start":{"line":6,"column":4},"end":{"line":8,"column":5}},"4":{"start":{"line":7,"column":8},"end":{"line":7,"column":75}},"5":{"start":{"line":10,"column":4},"end":{"line":10,"column":29}},"6":{"start":{"line":13,"column":24},"end":{"line":13,"column":26}},"7":{"start":{"line":15,"column":4},"end":{"line":19,"column":5}},"8":{"start":{"line":16,"column":8},"end":{"line":16,"column":59}},"9":{"start":{"line":18,"column":8},"end":{"line":18,"column":34}},"10":{"start":{"line":21,"column":4},"end":{"line":28,"column":5}},"11":{"start":{"line":21,"column":15},"end":{"line":21,"column":16}},"12":{"start":{"line":22,"column":8},"end":{"line":22,"column":56}},"13":{"start":{"line":23,"column":8},"end":{"line":23,"column":51}},"14":{"start":{"line":25,"column":8},"end":{"line":27,"column":9}},"15":{"start":{"line":26,"column":12},"end":{"line":26,"column":53}},"16":{"start":{"line":29,"column":4},"end":{"line":29,"column":23}},"17":{"start":{"line":32,"column":0},"end":{"line":32,"column":34}}},"fnMap":{"0":{"name":"filterCollection","decl":{"start":{"line":5,"column":9},"end":{"line":5,"column":25}},"loc":{"start":{"line":5,"column":49},"end":{"line":30,"column":1}},"line":5}},"branchMap":{"0":{"loc":{"start":{"line":6,"column":4},"end":{"line":8,"column":5}},"type":"if","locations":[{"start":{"line":6,"column":4},"end":{"line":8,"column":5}},{"start":{},"end":{}}],"line":6},"1":{"loc":{"start":{"line":6,"column":10},"end":{"line":6,"column":53}},"type":"binary-expr","locations":[{"start":{"line":6,"column":10},"end":{"line":6,"column":30}},{"start":{"line":6,"column":34},"end":{"line":6,"column":53}}],"line":6},"2":{"loc":{"start":{"line":15,"column":4},"end":{"line":19,"column":5}},"type":"if","locations":[{"start":{"line":15,"column":4},"end":{"line":19,"column":5}},{"start":{"line":17,"column":11},"end":{"line":19,"column":5}}],"line":15},"3":{"loc":{"start":{"line":25,"column":8},"end":{"line":27,"column":9}},"type":"if","locations":[{"start":{"line":25,"column":8},"end":{"line":27,"column":9}},{"start":{},"end":{}}],"line":25}},"s":{"0":1,"1":1,"2":1,"3":7,"4":1,"5":6,"6":5,"7":5,"8":1,"9":4,"10":5,"11":5,"12":10,"13":9,"14":8,"15":4,"16":3,"17":1},"f":{"0":7},"b":{"0":[1,6],"1":[7,6],"2":[1,4],"3":[4,4]},"_coverageSchema":"1a1c01bbd47fc00a2c39e90264f33305004495a9","hash":"80d85e1ddded855cfa9012a37ac76dc9ddae085c"}
,"D:\\learning\\unit-tests\\arrays\\tasks\\find.js": {"path":"D:\\learning\\unit-tests\\arrays\\tasks\\find.js","statementMap":{"0":{"start":{"line":1,"column":28},"end":{"line":1,"column":59}},"1":{"start":{"line":2,"column":46},"end":{"line":2,"column":75}},"2":{"start":{"line":3,"column":51},"end":{"line":3,"column":84}},"3":{"start":{"line":6,"column":4},"end":{"line":8,"column":5}},"4":{"start":{"line":7,"column":8},"end":{"line":7,"column":75}},"5":{"start":{"line":12,"column":4},"end":{"line":16,"column":5}},"6":{"start":{"line":13,"column":8},"end":{"line":13,"column":59}},"7":{"start":{"line":15,"column":8},"end":{"line":15,"column":34}},"8":{"start":{"line":18,"column":24},"end":{"line":18,"column":60}},"9":{"start":{"line":20,"column":4},"end":{"line":27,"column":5}},"10":{"start":{"line":20,"column":17},"end":{"line":20,"column":18}},"11":{"start":{"line":21,"column":8},"end":{"line":21,"column":55}},"12":{"start":{"line":22,"column":8},"end":{"line":22,"column":50}},"13":{"start":{"line":24,"column":8},"end":{"line":26,"column":9}},"14":{"start":{"line":25,"column":12},"end":{"line":25,"column":34}},"15":{"start":{"line":28,"column":4},"end":{"line":28,"column":21}},"16":{"start":{"line":31,"column":0},"end":{"line":31,"column":29}}},"fnMap":{"0":{"name":"findElement","decl":{"start":{"line":5,"column":9},"end":{"line":5,"column":20}},"loc":{"start":{"line":5,"column":55},"end":{"line":29,"column":1}},"line":5}},"branchMap":{"0":{"loc":{"start":{"line":5,"column":44},"end":{"line":5,"column":53}},"type":"default-arg","locations":[{"start":{"line":5,"column":52},"end":{"line":5,"column":53}}],"line":5},"1":{"loc":{"start":{"line":6,"column":4},"end":{"line":8,"column":5}},"type":"if","locations":[{"start":{"line":6,"column":4},"end":{"line":8,"column":5}},{"start":{},"end":{}}],"line":6},"2":{"loc":{"start":{"line":6,"column":10},"end":{"line":6,"column":53}},"type":"binary-expr","locations":[{"start":{"line":6,"column":10},"end":{"line":6,"column":30}},{"start":{"line":6,"column":34},"end":{"line":6,"column":53}}],"line":6},"3":{"loc":{"start":{"line":12,"column":4},"end":{"line":16,"column":5}},"type":"if","locations":[{"start":{"line":12,"column":4},"end":{"line":16,"column":5}},{"start":{"line":14,"column":11},"end":{"line":16,"column":5}}],"line":12},"4":{"loc":{"start":{"line":24,"column":8},"end":{"line":26,"column":9}},"type":"if","locations":[{"start":{"line":24,"column":8},"end":{"line":26,"column":9}},{"start":{},"end":{}}],"line":24}},"s":{"0":1,"1":1,"2":1,"3":8,"4":1,"5":7,"6":2,"7":5,"8":7,"9":7,"10":7,"11":10,"12":9,"13":8,"14":4,"15":1,"16":1},"f":{"0":8},"b":{"0":[6],"1":[1,7],"2":[8,6],"3":[2,5],"4":[4,4]},"_coverageSchema":"1a1c01bbd47fc00a2c39e90264f33305004495a9","hash":"9a4babd8815c4650a748eab693317ab02a0bd98a"}
,"D:\\learning\\unit-tests\\arrays\\tasks\\includes.js": {"path":"D:\\learning\\unit-tests\\arrays\\tasks\\includes.js","statementMap":{"0":{"start":{"line":1,"column":51},"end":{"line":1,"column":84}},"1":{"start":{"line":2,"column":50},"end":{"line":2,"column":81}},"2":{"start":{"line":5,"column":4},"end":{"line":7,"column":5}},"3":{"start":{"line":6,"column":8},"end":{"line":6,"column":91}},"4":{"start":{"line":9,"column":4},"end":{"line":11,"column":5}},"5":{"start":{"line":10,"column":8},"end":{"line":10,"column":52}},"6":{"start":{"line":13,"column":4},"end":{"line":15,"column":5}},"7":{"start":{"line":14,"column":8},"end":{"line":14,"column":61}},"8":{"start":{"line":19,"column":4},"end":{"line":22,"column":5}},"9":{"start":{"line":20,"column":29},"end":{"line":20,"column":64}},"10":{"start":{"line":21,"column":8},"end":{"line":21,"column":63}},"11":{"start":{"line":24,"column":4},"end":{"line":26,"column":5}},"12":{"start":{"line":25,"column":8},"end":{"line":25,"column":61}},"13":{"start":{"line":28,"column":4},"end":{"line":40,"column":5}},"14":{"start":{"line":28,"column":17},"end":{"line":28,"column":18}},"15":{"start":{"line":29,"column":8},"end":{"line":39,"column":9}},"16":{"start":{"line":30,"column":31},"end":{"line":30,"column":61}},"17":{"start":{"line":31,"column":32},"end":{"line":31,"column":53}},"18":{"start":{"line":33,"column":12},"end":{"line":35,"column":13}},"19":{"start":{"line":34,"column":16},"end":{"line":34,"column":28}},"20":{"start":{"line":37,"column":15},"end":{"line":39,"column":9}},"21":{"start":{"line":38,"column":12},"end":{"line":38,"column":24}},"22":{"start":{"line":41,"column":4},"end":{"line":41,"column":17}},"23":{"start":{"line":44,"column":0},"end":{"line":44,"column":31}}},"fnMap":{"0":{"name":"includesCheck","decl":{"start":{"line":4,"column":9},"end":{"line":4,"column":22}},"loc":{"start":{"line":4,"column":57},"end":{"line":42,"column":1}},"line":4}},"branchMap":{"0":{"loc":{"start":{"line":4,"column":42},"end":{"line":4,"column":55}},"type":"default-arg","locations":[{"start":{"line":4,"column":54},"end":{"line":4,"column":55}}],"line":4},"1":{"loc":{"start":{"line":5,"column":4},"end":{"line":7,"column":5}},"type":"if","locations":[{"start":{"line":5,"column":4},"end":{"line":7,"column":5}},{"start":{},"end":{}}],"line":5},"2":{"loc":{"start":{"line":5,"column":10},"end":{"line":5,"column":77}},"type":"binary-expr","locations":[{"start":{"line":5,"column":10},"end":{"line":5,"column":30}},{"start":{"line":5,"column":34},"end":{"line":5,"column":53}},{"start":{"line":5,"column":57},"end":{"line":5,"column":77}}],"line":5},"3":{"loc":{"start":{"line":9,"column":4},"end":{"line":11,"column":5}},"type":"if","locations":[{"start":{"line":9,"column":4},"end":{"line":11,"column":5}},{"start":{},"end":{}}],"line":9},"4":{"loc":{"start":{"line":13,"column":4},"end":{"line":15,"column":5}},"type":"if","locations":[{"start":{"line":13,"column":4},"end":{"line":15,"column":5}},{"start":{},"end":{}}],"line":13},"5":{"loc":{"start":{"line":19,"column":4},"end":{"line":22,"column":5}},"type":"if","locations":[{"start":{"line":19,"column":4},"end":{"line":22,"column":5}},{"start":{},"end":{}}],"line":19},"6":{"loc":{"start":{"line":24,"column":4},"end":{"line":26,"column":5}},"type":"if","locations":[{"start":{"line":24,"column":4},"end":{"line":26,"column":5}},{"start":{},"end":{}}],"line":24},"7":{"loc":{"start":{"line":29,"column":8},"end":{"line":39,"column":9}},"type":"if","locations":[{"start":{"line":29,"column":8},"end":{"line":39,"column":9}},{"start":{"line":37,"column":15},"end":{"line":39,"column":9}}],"line":29},"8":{"loc":{"start":{"line":29,"column":12},"end":{"line":29,"column":75}},"type":"binary-expr","locations":[{"start":{"line":29,"column":12},"end":{"line":29,"column":46}},{"start":{"line":29,"column":50},"end":{"line":29,"column":75}}],"line":29},"9":{"loc":{"start":{"line":33,"column":12},"end":{"line":35,"column":13}},"type":"if","locations":[{"start":{"line":33,"column":12},"end":{"line":35,"column":13}},{"start":{},"end":{}}],"line":33},"10":{"loc":{"start":{"line":37,"column":15},"end":{"line":39,"column":9}},"type":"if","locations":[{"start":{"line":37,"column":15},"end":{"line":39,"column":9}},{"start":{},"end":{}}],"line":37},"11":{"loc":{"start":{"line":37,"column":19},"end":{"line":37,"column":80}},"type":"binary-expr","locations":[{"start":{"line":37,"column":19},"end":{"line":37,"column":43}},{"start":{"line":37,"column":47},"end":{"line":37,"column":80}}],"line":37}},"s":{"0":2,"1":2,"2":25,"3":1,"4":24,"5":1,"6":23,"7":3,"8":20,"9":1,"10":1,"11":20,"12":19,"13":20,"14":20,"15":44,"16":9,"17":9,"18":9,"19":1,"20":35,"21":6,"22":13,"23":2},"f":{"0":25},"b":{"0":[18],"1":[1,24],"2":[25,22,2],"3":[1,23],"4":[3,20],"5":[1,19],"6":[19,1],"7":[9,35],"8":[44,9],"9":[1,8],"10":[6,29],"11":[35,30]},"_coverageSchema":"1a1c01bbd47fc00a2c39e90264f33305004495a9","hash":"063c075fa8597a21ee28b3dcd8317e36125ee838"}
,"D:\\learning\\unit-tests\\arrays\\tasks\\map.js": {"path":"D:\\learning\\unit-tests\\arrays\\tasks\\map.js","statementMap":{"0":{"start":{"line":1,"column":46},"end":{"line":1,"column":79}},"1":{"start":{"line":2,"column":45},"end":{"line":2,"column":74}},"2":{"start":{"line":3,"column":28},"end":{"line":3,"column":59}},"3":{"start":{"line":6,"column":4},"end":{"line":8,"column":5}},"4":{"start":{"line":7,"column":8},"end":{"line":7,"column":75}},"5":{"start":{"line":9,"column":4},"end":{"line":9,"column":31}},"6":{"start":{"line":12,"column":21},"end":{"line":12,"column":23}},"7":{"start":{"line":14,"column":4},"end":{"line":16,"column":5}},"8":{"start":{"line":15,"column":8},"end":{"line":15,"column":59}},"9":{"start":{"line":17,"column":4},"end":{"line":19,"column":5}},"10":{"start":{"line":18,"column":8},"end":{"line":18,"column":34}},"11":{"start":{"line":21,"column":4},"end":{"line":24,"column":5}},"12":{"start":{"line":21,"column":17},"end":{"line":21,"column":18}},"13":{"start":{"line":22,"column":8},"end":{"line":22,"column":58}},"14":{"start":{"line":23,"column":8},"end":{"line":23,"column":59}},"15":{"start":{"line":26,"column":4},"end":{"line":26,"column":20}},"16":{"start":{"line":29,"column":0},"end":{"line":29,"column":31}}},"fnMap":{"0":{"name":"mapCollection","decl":{"start":{"line":5,"column":9},"end":{"line":5,"column":22}},"loc":{"start":{"line":5,"column":48},"end":{"line":27,"column":1}},"line":5}},"branchMap":{"0":{"loc":{"start":{"line":6,"column":4},"end":{"line":8,"column":5}},"type":"if","locations":[{"start":{"line":6,"column":4},"end":{"line":8,"column":5}},{"start":{},"end":{}}],"line":6},"1":{"loc":{"start":{"line":6,"column":10},"end":{"line":6,"column":53}},"type":"binary-expr","locations":[{"start":{"line":6,"column":10},"end":{"line":6,"column":29}},{"start":{"line":6,"column":33},"end":{"line":6,"column":53}}],"line":6},"2":{"loc":{"start":{"line":14,"column":4},"end":{"line":16,"column":5}},"type":"if","locations":[{"start":{"line":14,"column":4},"end":{"line":16,"column":5}},{"start":{},"end":{}}],"line":14},"3":{"loc":{"start":{"line":17,"column":4},"end":{"line":19,"column":5}},"type":"if","locations":[{"start":{"line":17,"column":4},"end":{"line":19,"column":5}},{"start":{},"end":{}}],"line":17}},"s":{"0":2,"1":2,"2":2,"3":15,"4":1,"5":14,"6":13,"7":13,"8":1,"9":13,"10":12,"11":13,"12":13,"13":27,"14":26,"15":12,"16":2},"f":{"0":15},"b":{"0":[1,14],"1":[15,2],"2":[1,12],"3":[12,1]},"_coverageSchema":"1a1c01bbd47fc00a2c39e90264f33305004495a9","hash":"08c5f397b1273a4603c3888dc76cfaccdd615cf2"}
,"D:\\learning\\unit-tests\\arrays\\tasks\\take.js": {"path":"D:\\learning\\unit-tests\\arrays\\tasks\\take.js","statementMap":{"0":{"start":{"line":1,"column":21},"end":{"line":1,"column":54}},"1":{"start":{"line":2,"column":52},"end":{"line":2,"column":81}},"2":{"start":{"line":5,"column":4},"end":{"line":5,"column":29}},"3":{"start":{"line":6,"column":4},"end":{"line":6,"column":24}},"4":{"start":{"line":7,"column":4},"end":{"line":7,"column":29}},"5":{"start":{"line":9,"column":21},"end":{"line":9,"column":23}},"6":{"start":{"line":11,"column":4},"end":{"line":19,"column":5}},"7":{"start":{"line":12,"column":8},"end":{"line":14,"column":9}},"8":{"start":{"line":12,"column":21},"end":{"line":12,"column":22}},"9":{"start":{"line":13,"column":12},"end":{"line":13,"column":50}},"10":{"start":{"line":16,"column":8},"end":{"line":18,"column":9}},"11":{"start":{"line":16,"column":21},"end":{"line":16,"column":22}},"12":{"start":{"line":17,"column":12},"end":{"line":17,"column":50}},"13":{"start":{"line":21,"column":4},"end":{"line":21,"column":20}},"14":{"start":{"line":24,"column":0},"end":{"line":24,"column":30}}},"fnMap":{"0":{"name":"takeElements","decl":{"start":{"line":4,"column":9},"end":{"line":4,"column":21}},"loc":{"start":{"line":4,"column":48},"end":{"line":22,"column":1}},"line":4}},"branchMap":{"0":{"loc":{"start":{"line":4,"column":36},"end":{"line":4,"column":46}},"type":"default-arg","locations":[{"start":{"line":4,"column":45},"end":{"line":4,"column":46}}],"line":4},"1":{"loc":{"start":{"line":11,"column":4},"end":{"line":19,"column":5}},"type":"if","locations":[{"start":{"line":11,"column":4},"end":{"line":19,"column":5}},{"start":{"line":15,"column":11},"end":{"line":19,"column":5}}],"line":11}},"s":{"0":1,"1":1,"2":8,"3":7,"4":5,"5":4,"6":4,"7":1,"8":1,"9":3,"10":3,"11":3,"12":4,"13":4,"14":1},"f":{"0":8},"b":{"0":[1],"1":[1,3]},"_coverageSchema":"1a1c01bbd47fc00a2c39e90264f33305004495a9","hash":"69944b6fb03be44d7d13d139dfa653275ed1ab1e"}
,"D:\\learning\\unit-tests\\arrays\\tasks\\zip.js": {"path":"D:\\learning\\unit-tests\\arrays\\tasks\\zip.js","statementMap":{"0":{"start":{"line":1,"column":21},"end":{"line":1,"column":54}},"1":{"start":{"line":2,"column":21},"end":{"line":2,"column":50}},"2":{"start":{"line":3,"column":22},"end":{"line":3,"column":38}},"3":{"start":{"line":6,"column":4},"end":{"line":8,"column":5}},"4":{"start":{"line":7,"column":8},"end":{"line":7,"column":26}},"5":{"start":{"line":10,"column":25},"end":{"line":10,"column":65}},"6":{"start":{"line":10,"column":55},"end":{"line":10,"column":64}},"7":{"start":{"line":12,"column":4},"end":{"line":16,"column":5}},"8":{"start":{"line":12,"column":17},"end":{"line":12,"column":18}},"9":{"start":{"line":13,"column":8},"end":{"line":15,"column":9}},"10":{"start":{"line":14,"column":12},"end":{"line":14,"column":75}},"11":{"start":{"line":18,"column":24},"end":{"line":18,"column":26}},"12":{"start":{"line":20,"column":4},"end":{"line":23,"column":5}},"13":{"start":{"line":20,"column":17},"end":{"line":20,"column":18}},"14":{"start":{"line":21,"column":31},"end":{"line":21,"column":67}},"15":{"start":{"line":21,"column":61},"end":{"line":21,"column":66}},"16":{"start":{"line":22,"column":8},"end":{"line":22,"column":48}},"17":{"start":{"line":24,"column":4},"end":{"line":24,"column":23}},"18":{"start":{"line":27,"column":0},"end":{"line":27,"column":31}}},"fnMap":{"0":{"name":"groupElements","decl":{"start":{"line":5,"column":9},"end":{"line":5,"column":22}},"loc":{"start":{"line":5,"column":34},"end":{"line":25,"column":1}},"line":5},"1":{"name":"(anonymous_1)","decl":{"start":{"line":10,"column":47},"end":{"line":10,"column":48}},"loc":{"start":{"line":10,"column":55},"end":{"line":10,"column":64}},"line":10},"2":{"name":"(anonymous_2)","decl":{"start":{"line":21,"column":53},"end":{"line":21,"column":54}},"loc":{"start":{"line":21,"column":61},"end":{"line":21,"column":66}},"line":21}},"branchMap":{"0":{"loc":{"start":{"line":13,"column":8},"end":{"line":15,"column":9}},"type":"if","locations":[{"start":{"line":13,"column":8},"end":{"line":15,"column":9}},{"start":{},"end":{}}],"line":13}},"s":{"0":1,"1":1,"2":1,"3":4,"4":9,"5":3,"6":14,"7":3,"8":3,"9":4,"10":1,"11":2,"12":2,"13":2,"14":5,"15":26,"16":5,"17":2,"18":1},"f":{"0":4,"1":14,"2":26},"b":{"0":[1,3]},"_coverageSchema":"1a1c01bbd47fc00a2c39e90264f33305004495a9","hash":"5194b2af06f2193b6fd6df60c7b5ab2b8dc28480"}
,"D:\\learning\\unit-tests\\objects\\tasks\\merge.js": {"path":"D:\\learning\\unit-tests\\objects\\tasks\\merge.js","statementMap":{"0":{"start":{"line":1,"column":28},"end":{"line":1,"column":59}},"1":{"start":{"line":2,"column":22},"end":{"line":2,"column":51}},"2":{"start":{"line":3,"column":38},"end":{"line":3,"column":71}},"3":{"start":{"line":4,"column":22},"end":{"line":4,"column":60}},"4":{"start":{"line":7,"column":22},"end":{"line":7,"column":55}},"5":{"start":{"line":9,"column":4},"end":{"line":19,"column":5}},"6":{"start":{"line":9,"column":17},"end":{"line":9,"column":18}},"7":{"start":{"line":10,"column":8},"end":{"line":18,"column":9}},"8":{"start":{"line":11,"column":12},"end":{"line":17,"column":13}},"9":{"start":{"line":12,"column":16},"end":{"line":12,"column":66}},"10":{"start":{"line":13,"column":19},"end":{"line":17,"column":13}},"11":{"start":{"line":14,"column":16},"end":{"line":14,"column":82}},"12":{"start":{"line":16,"column":16},"end":{"line":16,"column":56}},"13":{"start":{"line":20,"column":4},"end":{"line":20,"column":23}},"14":{"start":{"line":24,"column":4},"end":{"line":24,"column":35}},"15":{"start":{"line":26,"column":4},"end":{"line":41,"column":5}},"16":{"start":{"line":27,"column":8},"end":{"line":27,"column":28}},"17":{"start":{"line":29,"column":8},"end":{"line":40,"column":9}},"18":{"start":{"line":30,"column":32},"end":{"line":30,"column":43}},"19":{"start":{"line":31,"column":37},"end":{"line":31,"column":59}},"20":{"start":{"line":33,"column":12},"end":{"line":39,"column":13}},"21":{"start":{"line":34,"column":16},"end":{"line":34,"column":60}},"22":{"start":{"line":35,"column":19},"end":{"line":39,"column":13}},"23":{"start":{"line":36,"column":16},"end":{"line":36,"column":84}},"24":{"start":{"line":38,"column":16},"end":{"line":38,"column":53}},"25":{"start":{"line":43,"column":4},"end":{"line":43,"column":29}},"26":{"start":{"line":46,"column":0},"end":{"line":46,"column":30}}},"fnMap":{"0":{"name":"mergeArrays","decl":{"start":{"line":6,"column":9},"end":{"line":6,"column":20}},"loc":{"start":{"line":6,"column":52},"end":{"line":21,"column":1}},"line":6},"1":{"name":"mergeObjects","decl":{"start":{"line":23,"column":9},"end":{"line":23,"column":21}},"loc":{"start":{"line":23,"column":53},"end":{"line":44,"column":1}},"line":23}},"branchMap":{"0":{"loc":{"start":{"line":10,"column":8},"end":{"line":18,"column":9}},"type":"if","locations":[{"start":{"line":10,"column":8},"end":{"line":18,"column":9}},{"start":{},"end":{}}],"line":10},"1":{"loc":{"start":{"line":11,"column":12},"end":{"line":17,"column":13}},"type":"if","locations":[{"start":{"line":11,"column":12},"end":{"line":17,"column":13}},{"start":{"line":13,"column":19},"end":{"line":17,"column":13}}],"line":11},"2":{"loc":{"start":{"line":13,"column":19},"end":{"line":17,"column":13}},"type":"if","locations":[{"start":{"line":13,"column":19},"end":{"line":17,"column":13}},{"start":{"line":15,"column":19},"end":{"line":17,"column":13}}],"line":13},"3":{"loc":{"start":{"line":33,"column":12},"end":{"line":39,"column":13}},"type":"if","locations":[{"start":{"line":33,"column":12},"end":{"line":39,"column":13}},{"start":{"line":35,"column":19},"end":{"line":39,"column":13}}],"line":33},"4":{"loc":{"start":{"line":33,"column":16},"end":{"line":33,"column":67}},"type":"binary-expr","locations":[{"start":{"line":33,"column":16},"end":{"line":33,"column":37}},{"start":{"line":33,"column":41},"end":{"line":33,"column":67}}],"line":33},"5":{"loc":{"start":{"line":35,"column":19},"end":{"line":39,"column":13}},"type":"if","locations":[{"start":{"line":35,"column":19},"end":{"line":39,"column":13}},{"start":{"line":37,"column":19},"end":{"line":39,"column":13}}],"line":35},"6":{"loc":{"start":{"line":35,"column":23},"end":{"line":35,"column":72}},"type":"binary-expr","locations":[{"start":{"line":35,"column":23},"end":{"line":35,"column":43}},{"start":{"line":35,"column":47},"end":{"line":35,"column":72}}],"line":35}},"s":{"0":1,"1":1,"2":1,"3":1,"4":6,"5":6,"6":6,"7":14,"8":13,"9":2,"10":11,"11":2,"12":9,"13":6,"14":12,"15":11,"16":12,"17":11,"18":15,"19":15,"20":15,"21":1,"22":14,"23":4,"24":10,"25":10,"26":1},"f":{"0":6,"1":12},"b":{"0":[13,1],"1":[2,11],"2":[2,9],"3":[1,14],"4":[15,2],"5":[4,10],"6":[14,4]},"_coverageSchema":"1a1c01bbd47fc00a2c39e90264f33305004495a9","hash":"ce7580672c075f7fed983d81bec2c31967c8b752"}
,"D:\\learning\\unit-tests\\objects\\tasks\\omit.js": {"path":"D:\\learning\\unit-tests\\objects\\tasks\\omit.js","statementMap":{"0":{"start":{"line":1,"column":33},"end":{"line":1,"column":66}},"1":{"start":{"line":2,"column":22},"end":{"line":2,"column":51}},"2":{"start":{"line":5,"column":4},"end":{"line":5,"column":24}},"3":{"start":{"line":7,"column":25},"end":{"line":7,"column":31}},"4":{"start":{"line":10,"column":8},"end":{"line":14,"column":9}},"5":{"start":{"line":11,"column":12},"end":{"line":13,"column":13}},"6":{"start":{"line":12,"column":16},"end":{"line":12,"column":41}},"7":{"start":{"line":17,"column":4},"end":{"line":17,"column":50}},"8":{"start":{"line":19,"column":4},"end":{"line":19,"column":24}},"9":{"start":{"line":22,"column":0},"end":{"line":22,"column":32}}},"fnMap":{"0":{"name":"omitProperties","decl":{"start":{"line":4,"column":9},"end":{"line":4,"column":23}},"loc":{"start":{"line":4,"column":42},"end":{"line":20,"column":1}},"line":4},"1":{"name":"deleteProperty","decl":{"start":{"line":9,"column":13},"end":{"line":9,"column":27}},"loc":{"start":{"line":9,"column":38},"end":{"line":15,"column":5}},"line":9}},"branchMap":{"0":{"loc":{"start":{"line":11,"column":12},"end":{"line":13,"column":13}},"type":"if","locations":[{"start":{"line":11,"column":12},"end":{"line":13,"column":13}},{"start":{},"end":{}}],"line":11}},"s":{"0":1,"1":1,"2":6,"3":5,"4":9,"5":21,"6":8,"7":5,"8":4,"9":1},"f":{"0":6,"1":9},"b":{"0":[8,13]},"_coverageSchema":"1a1c01bbd47fc00a2c39e90264f33305004495a9","hash":"d07fa7ec9b0736ec69a78f21183d651b316119d2"}
,"D:\\learning\\unit-tests\\objects\\tasks\\omitBy.js": {"path":"D:\\learning\\unit-tests\\objects\\tasks\\omitBy.js","statementMap":{"0":{"start":{"line":1,"column":53},"end":{"line":1,"column":82}},"1":{"start":{"line":4,"column":4},"end":{"line":4,"column":24}},"2":{"start":{"line":5,"column":4},"end":{"line":5,"column":29}},"3":{"start":{"line":7,"column":25},"end":{"line":7,"column":31}},"4":{"start":{"line":9,"column":4},"end":{"line":15,"column":5}},"5":{"start":{"line":10,"column":8},"end":{"line":10,"column":53}},"6":{"start":{"line":12,"column":8},"end":{"line":14,"column":9}},"7":{"start":{"line":13,"column":12},"end":{"line":13,"column":37}},"8":{"start":{"line":17,"column":4},"end":{"line":17,"column":24}},"9":{"start":{"line":20,"column":0},"end":{"line":20,"column":32}}},"fnMap":{"0":{"name":"omitPropertyBy","decl":{"start":{"line":3,"column":9},"end":{"line":3,"column":23}},"loc":{"start":{"line":3,"column":43},"end":{"line":18,"column":1}},"line":3}},"branchMap":{"0":{"loc":{"start":{"line":12,"column":8},"end":{"line":14,"column":9}},"type":"if","locations":[{"start":{"line":12,"column":8},"end":{"line":14,"column":9}},{"start":{},"end":{}}],"line":12}},"s":{"0":1,"1":4,"2":3,"3":2,"4":2,"5":5,"6":4,"7":2,"8":1,"9":1},"f":{"0":4},"b":{"0":[2,2]},"_coverageSchema":"1a1c01bbd47fc00a2c39e90264f33305004495a9","hash":"cff12b5f2670071db4b9c80a7d423543d046983d"}
,"D:\\learning\\unit-tests\\objects\\tasks\\pick.js": {"path":"D:\\learning\\unit-tests\\objects\\tasks\\pick.js","statementMap":{"0":{"start":{"line":1,"column":22},"end":{"line":1,"column":51}},"1":{"start":{"line":2,"column":33},"end":{"line":2,"column":66}},"2":{"start":{"line":5,"column":4},"end":{"line":5,"column":24}},"3":{"start":{"line":6,"column":25},"end":{"line":6,"column":27}},"4":{"start":{"line":9,"column":8},"end":{"line":13,"column":9}},"5":{"start":{"line":10,"column":12},"end":{"line":12,"column":13}},"6":{"start":{"line":11,"column":16},"end":{"line":11,"column":48}},"7":{"start":{"line":16,"column":4},"end":{"line":16,"column":47}},"8":{"start":{"line":18,"column":4},"end":{"line":18,"column":24}},"9":{"start":{"line":21,"column":0},"end":{"line":21,"column":32}}},"fnMap":{"0":{"name":"pickProperties","decl":{"start":{"line":4,"column":9},"end":{"line":4,"column":23}},"loc":{"start":{"line":4,"column":42},"end":{"line":19,"column":1}},"line":4},"1":{"name":"setProperty","decl":{"start":{"line":8,"column":13},"end":{"line":8,"column":24}},"loc":{"start":{"line":8,"column":35},"end":{"line":14,"column":5}},"line":8}},"branchMap":{"0":{"loc":{"start":{"line":10,"column":12},"end":{"line":12,"column":13}},"type":"if","locations":[{"start":{"line":10,"column":12},"end":{"line":12,"column":13}},{"start":{},"end":{}}],"line":10}},"s":{"0":1,"1":1,"2":6,"3":5,"4":12,"5":36,"6":10,"7":5,"8":4,"9":1},"f":{"0":6,"1":12},"b":{"0":[10,26]},"_coverageSchema":"1a1c01bbd47fc00a2c39e90264f33305004495a9","hash":"47fcbecf7a9f6980ab1cc86af467ef8645a6cc31"}
,"D:\\learning\\unit-tests\\objects\\tasks\\pickBy.js": {"path":"D:\\learning\\unit-tests\\objects\\tasks\\pickBy.js","statementMap":{"0":{"start":{"line":1,"column":53},"end":{"line":1,"column":82}},"1":{"start":{"line":4,"column":4},"end":{"line":4,"column":24}},"2":{"start":{"line":5,"column":4},"end":{"line":5,"column":29}},"3":{"start":{"line":7,"column":25},"end":{"line":7,"column":27}},"4":{"start":{"line":9,"column":4},"end":{"line":15,"column":5}},"5":{"start":{"line":10,"column":8},"end":{"line":10,"column":47}},"6":{"start":{"line":12,"column":8},"end":{"line":14,"column":9}},"7":{"start":{"line":13,"column":12},"end":{"line":13,"column":44}},"8":{"start":{"line":17,"column":4},"end":{"line":17,"column":24}},"9":{"start":{"line":20,"column":0},"end":{"line":20,"column":34}}},"fnMap":{"0":{"name":"pickPropertiesBy","decl":{"start":{"line":3,"column":9},"end":{"line":3,"column":25}},"loc":{"start":{"line":3,"column":45},"end":{"line":18,"column":1}},"line":3}},"branchMap":{"0":{"loc":{"start":{"line":12,"column":8},"end":{"line":14,"column":9}},"type":"if","locations":[{"start":{"line":12,"column":8},"end":{"line":14,"column":9}},{"start":{},"end":{}}],"line":12}},"s":{"0":1,"1":4,"2":3,"3":2,"4":2,"5":5,"6":4,"7":2,"8":1,"9":1},"f":{"0":4},"b":{"0":[2,2]},"_coverageSchema":"1a1c01bbd47fc00a2c39e90264f33305004495a9","hash":"7e10bdedfd6d7d6d06bcd187a4bd5bdcf32e1e0d"}
,"D:\\learning\\unit-tests\\objects\\tasks\\toPairs.js": {"path":"D:\\learning\\unit-tests\\objects\\tasks\\toPairs.js","statementMap":{"0":{"start":{"line":1,"column":21},"end":{"line":1,"column":54}},"1":{"start":{"line":4,"column":4},"end":{"line":6,"column":5}},"2":{"start":{"line":5,"column":8},"end":{"line":5,"column":75}},"3":{"start":{"line":8,"column":24},"end":{"line":8,"column":26}},"4":{"start":{"line":10,"column":4},"end":{"line":14,"column":5}},"5":{"start":{"line":11,"column":8},"end":{"line":13,"column":9}},"6":{"start":{"line":12,"column":12},"end":{"line":12,"column":43}},"7":{"start":{"line":16,"column":4},"end":{"line":23,"column":5}},"8":{"start":{"line":17,"column":8},"end":{"line":22,"column":9}},"9":{"start":{"line":18,"column":31},"end":{"line":18,"column":33}},"10":{"start":{"line":20,"column":12},"end":{"line":20,"column":42}},"11":{"start":{"line":21,"column":12},"end":{"line":21,"column":48}},"12":{"start":{"line":25,"column":4},"end":{"line":31,"column":5}},"13":{"start":{"line":26,"column":27},"end":{"line":26,"column":29}},"14":{"start":{"line":28,"column":8},"end":{"line":28,"column":36}},"15":{"start":{"line":29,"column":8},"end":{"line":29,"column":44}},"16":{"start":{"line":30,"column":8},"end":{"line":30,"column":44}},"17":{"start":{"line":32,"column":4},"end":{"line":32,"column":23}},"18":{"start":{"line":35,"column":0},"end":{"line":35,"column":25}}},"fnMap":{"0":{"name":"toPairs","decl":{"start":{"line":3,"column":9},"end":{"line":3,"column":16}},"loc":{"start":{"line":3,"column":25},"end":{"line":33,"column":1}},"line":3}},"branchMap":{"0":{"loc":{"start":{"line":4,"column":4},"end":{"line":6,"column":5}},"type":"if","locations":[{"start":{"line":4,"column":4},"end":{"line":6,"column":5}},{"start":{},"end":{}}],"line":4},"1":{"loc":{"start":{"line":4,"column":8},"end":{"line":4,"column":66}},"type":"binary-expr","locations":[{"start":{"line":4,"column":8},"end":{"line":4,"column":34}},{"start":{"line":4,"column":38},"end":{"line":4,"column":66}}],"line":4},"2":{"loc":{"start":{"line":10,"column":4},"end":{"line":14,"column":5}},"type":"if","locations":[{"start":{"line":10,"column":4},"end":{"line":14,"column":5}},{"start":{},"end":{}}],"line":10},"3":{"loc":{"start":{"line":16,"column":4},"end":{"line":23,"column":5}},"type":"if","locations":[{"start":{"line":16,"column":4},"end":{"line":23,"column":5}},{"start":{},"end":{}}],"line":16}},"s":{"0":1,"1":6,"2":1,"3":5,"4":5,"5":1,"6":3,"7":5,"8":1,"9":3,"10":3,"11":3,"12":5,"13":4,"14":4,"15":4,"16":4,"17":5,"18":1},"f":{"0":6},"b":{"0":[1,5],"1":[6,6],"2":[1,4],"3":[1,4]},"_coverageSchema":"1a1c01bbd47fc00a2c39e90264f33305004495a9","hash":"4231d3f63f3b07b5eab9dd6c6a7738c34c245a8a"}
}
