TN:
SF:common-functions.js
FN:8,addElement
FN:13,sliceCollection
FN:29,createObjectValuesArray
FN:37,modifyObjectProperties
FNF:4
FNH:4
FNDA:227,addElement
FNDA:33,sliceCollection
FNDA:5,createObjectValuesArray
FNDA:10,modifyObjectProperties
DA:1,15
DA:9,227
DA:10,227
DA:14,33
DA:16,33
DA:17,32
DA:18,80
DA:21,1
DA:22,2
DA:26,33
DA:30,5
DA:31,5
DA:32,17
DA:34,5
DA:38,10
DA:39,13
DA:41,13
DA:42,6
DA:43,16
DA:45,7
DA:46,5
DA:48,2
DA:53,15
LF:23
LH:23
BRDA:13,0,0,6
BRDA:16,1,0,32
BRDA:16,1,1,1
BRDA:41,2,0,6
BRDA:41,2,1,7
BRDA:45,3,0,5
BRDA:45,3,1,2
BRF:7
BRH:7
end_of_record
TN:
SF:error-checks.js
FN:3,checkFunctionReturn
FN:9,isNotObject
FN:15,isNotFunction
FN:21,returnsBoolean
FN:27,isNotArray
FN:34,isNotNumber
FN:40,isNegativeNumber
FNF:7
FNH:7
FNDA:60,checkFunctionReturn
FNDA:44,isNotObject
FNDA:32,isNotFunction
FNDA:40,returnsBoolean
FNDA:49,isNotArray
FNDA:20,isNotNumber
FNDA:10,isNegativeNumber
DA:1,15
DA:4,60
DA:5,4
DA:10,44
DA:11,6
DA:16,32
DA:17,5
DA:22,40
DA:23,5
DA:28,49
DA:29,49
DA:30,7
DA:35,20
DA:36,4
DA:41,10
DA:42,2
DA:46,15
LF:17
LH:17
BRDA:4,0,0,4
BRDA:4,0,1,56
BRDA:4,1,0,60
BRDA:4,1,1,60
BRDA:10,2,0,6
BRDA:10,2,1,38
BRDA:16,3,0,5
BRDA:16,3,1,27
BRDA:22,4,0,5
BRDA:22,4,1,35
BRDA:28,5,0,49
BRDA:28,5,1,44
BRDA:29,6,0,7
BRDA:29,6,1,42
BRDA:35,7,0,4
BRDA:35,7,1,16
BRDA:35,8,0,20
BRDA:35,8,1,17
BRDA:41,9,0,2
BRDA:41,9,1,8
BRF:20
BRH:20
end_of_record
TN:
SF:types-checking.js
FN:1,isObject
FN:7,isArray
FN:13,isString
FN:19,isNaNCheck
FNF:4
FNH:4
FNDA:138,isObject
FNDA:124,isArray
FNDA:55,isString
FNDA:30,isNaNCheck
DA:2,138
DA:3,53
DA:8,124
DA:9,90
DA:14,55
DA:15,11
DA:20,30
DA:21,1
DA:25,17
LF:9
LH:9
BRDA:2,0,0,53
BRDA:2,0,1,85
BRDA:2,1,0,138
BRDA:2,1,1,111
BRDA:8,2,0,90
BRDA:8,2,1,34
BRDA:8,3,0,124
BRDA:8,3,1,95
BRDA:14,4,0,11
BRDA:14,4,1,44
BRDA:20,5,0,1
BRDA:20,5,1,29
BRDA:20,6,0,30
BRDA:20,6,1,1
BRF:14
BRH:14
end_of_record
TN:
SF:arrays\tasks\chunk.js
FN:4,chunk
FNF:1
FNH:1
FNDA:8,chunk
DA:1,1
DA:2,1
DA:5,8
DA:6,7
DA:8,6
DA:9,1
DA:11,5
DA:12,2
DA:14,3
DA:15,1
DA:18,2
DA:19,2
DA:21,2
DA:22,5
DA:24,5
DA:25,12
DA:28,5
DA:29,5
DA:31,2
DA:34,1
LF:20
LH:20
BRDA:8,0,0,1
BRDA:8,0,1,5
BRDA:11,1,0,2
BRDA:11,1,1,3
BRDA:14,2,0,1
BRDA:14,2,1,2
BRF:6
BRH:6
end_of_record
TN:
SF:arrays\tasks\compact.js
FN:4,removeFalsyValues
FN:9,isFalsy
FNF:2
FNH:2
FNDA:4,removeFalsyValues
FNDA:15,isFalsy
DA:1,1
DA:2,1
DA:5,4
DA:7,3
DA:10,15
DA:13,3
DA:14,15
DA:15,7
DA:18,3
DA:21,1
LF:10
LH:10
BRDA:10,0,0,15
BRDA:10,0,1,13
BRDA:10,0,2,11
BRDA:10,0,3,10
BRDA:10,0,4,9
BRDA:10,0,5,8
BRDA:14,1,0,7
BRDA:14,1,1,8
BRF:8
BRH:8
end_of_record
TN:
SF:arrays\tasks\concat.js
FN:4,concat
FNF:1
FNH:1
FNDA:6,concat
DA:1,1
DA:2,1
DA:5,6
DA:7,5
DA:9,5
DA:10,9
DA:12,5
DA:13,11
DA:14,4
DA:15,7
DA:18,7
DA:21,5
DA:24,1
LF:13
LH:13
BRDA:13,0,0,4
BRDA:13,0,1,7
BRDA:13,1,0,11
BRDA:13,1,1,4
BRF:4
BRH:4
end_of_record
TN:
SF:arrays\tasks\drop.js
FN:4,dropElements
FNF:1
FNH:1
FNDA:7,dropElements
DA:1,1
DA:2,1
DA:5,7
DA:6,6
DA:7,5
DA:9,4
DA:11,4
DA:12,2
DA:15,2
DA:16,4
DA:18,2
DA:21,1
LF:12
LH:12
BRDA:4,0,0,1
BRDA:11,1,0,2
BRDA:11,1,1,2
BRF:3
BRH:3
end_of_record
TN:
SF:arrays\tasks\dropWhile.js
FN:4,dropWhile
FNF:1
FNH:1
FNDA:7,dropWhile
DA:1,1
DA:2,1
DA:5,7
DA:6,6
DA:7,5
DA:8,13
DA:9,12
DA:12,3
DA:13,3
DA:15,3
DA:16,6
DA:19,3
DA:20,5
DA:23,3
DA:26,1
LF:15
LH:15
BRDA:15,0,0,9
BRDA:15,0,1,6
BRF:2
BRH:2
end_of_record
TN:
SF:arrays\tasks\filter.js
FN:5,filterCollection
FNF:1
FNH:1
FNDA:7,filterCollection
DA:1,1
DA:2,1
DA:3,1
DA:6,7
DA:7,1
DA:10,6
DA:13,5
DA:15,5
DA:16,1
DA:18,4
DA:21,5
DA:22,10
DA:23,9
DA:25,8
DA:26,4
DA:29,3
DA:32,1
LF:17
LH:17
BRDA:6,0,0,1
BRDA:6,0,1,6
BRDA:6,1,0,7
BRDA:6,1,1,6
BRDA:15,2,0,1
BRDA:15,2,1,4
BRDA:25,3,0,4
BRDA:25,3,1,4
BRF:8
BRH:8
end_of_record
TN:
SF:arrays\tasks\find.js
FN:5,findElement
FNF:1
FNH:1
FNDA:8,findElement
DA:1,1
DA:2,1
DA:3,1
DA:6,8
DA:7,1
DA:12,7
DA:13,2
DA:15,5
DA:18,7
DA:20,7
DA:21,10
DA:22,9
DA:24,8
DA:25,4
DA:28,1
DA:31,1
LF:16
LH:16
BRDA:5,0,0,6
BRDA:6,1,0,1
BRDA:6,1,1,7
BRDA:6,2,0,8
BRDA:6,2,1,6
BRDA:12,3,0,2
BRDA:12,3,1,5
BRDA:24,4,0,4
BRDA:24,4,1,4
BRF:9
BRH:9
end_of_record
TN:
SF:arrays\tasks\includes.js
FN:4,includesCheck
FNF:1
FNH:1
FNDA:25,includesCheck
DA:1,2
DA:2,2
DA:5,25
DA:6,1
DA:9,24
DA:10,1
DA:13,23
DA:14,3
DA:19,20
DA:20,1
DA:21,1
DA:24,20
DA:25,19
DA:28,20
DA:29,44
DA:30,9
DA:31,9
DA:33,9
DA:34,1
DA:37,35
DA:38,6
DA:41,13
DA:44,2
LF:23
LH:23
BRDA:4,0,0,18
BRDA:5,1,0,1
BRDA:5,1,1,24
BRDA:5,2,0,25
BRDA:5,2,1,22
BRDA:5,2,2,2
BRDA:9,3,0,1
BRDA:9,3,1,23
BRDA:13,4,0,3
BRDA:13,4,1,20
BRDA:19,5,0,1
BRDA:19,5,1,19
BRDA:24,6,0,19
BRDA:24,6,1,1
BRDA:29,7,0,9
BRDA:29,7,1,35
BRDA:29,8,0,44
BRDA:29,8,1,9
BRDA:33,9,0,1
BRDA:33,9,1,8
BRDA:37,10,0,6
BRDA:37,10,1,29
BRDA:37,11,0,35
BRDA:37,11,1,30
BRF:24
BRH:24
end_of_record
TN:
SF:arrays\tasks\map.js
FN:5,mapCollection
FNF:1
FNH:1
FNDA:15,mapCollection
DA:1,2
DA:2,2
DA:3,2
DA:6,15
DA:7,1
DA:9,14
DA:12,13
DA:14,13
DA:15,1
DA:17,13
DA:18,12
DA:21,13
DA:22,27
DA:23,26
DA:26,12
DA:29,2
LF:16
LH:16
BRDA:6,0,0,1
BRDA:6,0,1,14
BRDA:6,1,0,15
BRDA:6,1,1,2
BRDA:14,2,0,1
BRDA:14,2,1,12
BRDA:17,3,0,12
BRDA:17,3,1,1
BRF:8
BRH:8
end_of_record
TN:
SF:arrays\tasks\take.js
FN:4,takeElements
FNF:1
FNH:1
FNDA:8,takeElements
DA:1,1
DA:2,1
DA:5,8
DA:6,7
DA:7,5
DA:9,4
DA:11,4
DA:12,1
DA:13,3
DA:16,3
DA:17,4
DA:21,4
DA:24,1
LF:13
LH:13
BRDA:4,0,0,1
BRDA:11,1,0,1
BRDA:11,1,1,3
BRF:3
BRH:3
end_of_record
TN:
SF:arrays\tasks\zip.js
FN:5,groupElements
FN:10,(anonymous_1)
FN:21,(anonymous_2)
FNF:3
FNH:3
FNDA:4,groupElements
FNDA:14,(anonymous_1)
FNDA:26,(anonymous_2)
DA:1,1
DA:2,1
DA:3,1
DA:6,4
DA:7,9
DA:10,14
DA:12,3
DA:13,4
DA:14,1
DA:18,2
DA:20,2
DA:21,26
DA:22,5
DA:24,2
DA:27,1
LF:15
LH:15
BRDA:13,0,0,1
BRDA:13,0,1,3
BRF:2
BRH:2
end_of_record
TN:
SF:objects\tasks\merge.js
FN:6,mergeArrays
FN:23,mergeObjects
FNF:2
FNH:2
FNDA:6,mergeArrays
FNDA:12,mergeObjects
DA:1,1
DA:2,1
DA:3,1
DA:4,1
DA:7,6
DA:9,6
DA:10,14
DA:11,13
DA:12,2
DA:13,11
DA:14,2
DA:16,9
DA:20,6
DA:24,12
DA:26,11
DA:27,12
DA:29,11
DA:30,15
DA:31,15
DA:33,15
DA:34,1
DA:35,14
DA:36,4
DA:38,10
DA:43,10
DA:46,1
LF:26
LH:26
BRDA:10,0,0,13
BRDA:10,0,1,1
BRDA:11,1,0,2
BRDA:11,1,1,11
BRDA:13,2,0,2
BRDA:13,2,1,9
BRDA:33,3,0,1
BRDA:33,3,1,14
BRDA:33,4,0,15
BRDA:33,4,1,2
BRDA:35,5,0,4
BRDA:35,5,1,10
BRDA:35,6,0,14
BRDA:35,6,1,4
BRF:14
BRH:14
end_of_record
TN:
SF:objects\tasks\omit.js
FN:4,omitProperties
FN:9,deleteProperty
FNF:2
FNH:2
FNDA:6,omitProperties
FNDA:9,deleteProperty
DA:1,1
DA:2,1
DA:5,6
DA:7,5
DA:10,9
DA:11,21
DA:12,8
DA:17,5
DA:19,4
DA:22,1
LF:10
LH:10
BRDA:11,0,0,8
BRDA:11,0,1,13
BRF:2
BRH:2
end_of_record
TN:
SF:objects\tasks\omitBy.js
FN:3,omitPropertyBy
FNF:1
FNH:1
FNDA:4,omitPropertyBy
DA:1,1
DA:4,4
DA:5,3
DA:7,2
DA:9,2
DA:10,5
DA:12,4
DA:13,2
DA:17,1
DA:20,1
LF:10
LH:10
BRDA:12,0,0,2
BRDA:12,0,1,2
BRF:2
BRH:2
end_of_record
TN:
SF:objects\tasks\pick.js
FN:4,pickProperties
FN:8,setProperty
FNF:2
FNH:2
FNDA:6,pickProperties
FNDA:12,setProperty
DA:1,1
DA:2,1
DA:5,6
DA:6,5
DA:9,12
DA:10,36
DA:11,10
DA:16,5
DA:18,4
DA:21,1
LF:10
LH:10
BRDA:10,0,0,10
BRDA:10,0,1,26
BRF:2
BRH:2
end_of_record
TN:
SF:objects\tasks\pickBy.js
FN:3,pickPropertiesBy
FNF:1
FNH:1
FNDA:4,pickPropertiesBy
DA:1,1
DA:4,4
DA:5,3
DA:7,2
DA:9,2
DA:10,5
DA:12,4
DA:13,2
DA:17,1
DA:20,1
LF:10
LH:10
BRDA:12,0,0,2
BRDA:12,0,1,2
BRF:2
BRH:2
end_of_record
TN:
SF:objects\tasks\toPairs.js
FN:3,toPairs
FNF:1
FNH:1
FNDA:6,toPairs
DA:1,1
DA:4,6
DA:5,1
DA:8,5
DA:10,5
DA:11,1
DA:12,3
DA:16,5
DA:17,1
DA:18,3
DA:20,3
DA:21,3
DA:25,5
DA:26,4
DA:28,4
DA:29,4
DA:30,4
DA:32,5
DA:35,1
LF:19
LH:19
BRDA:4,0,0,1
BRDA:4,0,1,5
BRDA:4,1,0,6
BRDA:4,1,1,6
BRDA:10,2,0,1
BRDA:10,2,1,4
BRDA:16,3,0,1
BRDA:16,3,1,4
BRF:8
BRH:8
end_of_record
